t=0 1
t=13709 1
t=21703 2
t=34169 1
t=37825 2
t=51998 1
t=52765 2
t=55875 3
t=55877 4
t=69304 1
t=83893 1
t=88129 2
t=102561 1
t=114599 1
t=128850 1
t=132575 2
t=147120 1
t=162454 1
t=177376 1
t=192473 1
t=193036 2
t=203924 1
t=207269 2
t=221045 1
t=224806 2
t=239725 1
t=254904 1
t=259895 2
t=273746 1
t=277510 2
t=289557 1
t=291819 2
t=306273 1
t=320965 1
t=324643 2
t=335920 1
t=342096 2
t=353340 1
t=355820 2
t=369418 1
t=373231 2
t=388061 1
t=388652 2
t=402633 1
t=409833 2
t=424316 1
t=424951 2
t=439101 1
t=443371 2
t=454357 1
t=460318 2
t=474945 1
t=475768 2
t=489839 1
t=490473 2
t=503893 1
t=507548 2
t=519768 1
t=526023 2
t=539806 1
t=544022 2
t=555400 1
t=561121 2
t=572754 1
t=573507 2
t=587241 1
t=591703 2
t=603877 1
t=606978 2
t=613880 3
t=614551 4
t=620922 5
t=635784 1
t=643527 2
t=657812 1
t=669896 1
t=670570 2
t=684043 1
t=684857 2
t=698457 1
t=712961 1
t=713509 2
t=727432 1
t=727874 2
t=740901 1
t=748363 2
t=763875 1
t=779424 1
t=780104 2
t=794621 1
t=799055 2
t=813768 1
t=826069 1
t=840372 1
t=841031 2
t=854583 1
t=855372 2
t=870749 1
t=874933 2
t=889540 1
t=897578 2
t=912646 1
t=913377 2
t=927984 1
t=943102 1
t=957946 1
t=970311 1
t=972241 2
t=986285 1
t=986865 2
t=997509 1
t=1004026 2
t=1018612 1
t=1022850 2
t=1033687 1
t=1048265 1
t=1060474 1
t=1074858 1
t=1078499 2
t=1090416 1
t=1092134 2
t=1104653 1
t=1108657 2
t=1122267 1
t=1122936 2
t=1136366 1
t=1151698 1
t=1156277 2
t=1159787 3
t=1166755 4
t=1181505 1
t=1182284 2
t=1196899 1
t=1212534 1
t=1216637 2
t=1231205 1
t=1239022 2
t=1251066 1
t=1254490 2
t=1269440 1
t=1277548 2
t=1292963 1
t=1297034 2
t=1311893 1
t=1316491 2
t=1331026 1
t=1346515 1
t=1350924 2
t=1365045 1
t=1368727 2
t=1383460 1
t=1391062 2
t=1402438 1
t=1414075 1
t=1420340 2
t=1434949 1
t=1449513 1
t=1464705 1
t=1480232 1
t=1484081 2
t=1499285 1
t=1513730 1
t=1514259 2
t=1527749 1
t=1531927 2
t=1545946 1
t=1558633 1
t=1559195 2
t=1571052 1
t=1574862 2
t=1584443 1
t=1590928 2
t=1603615 1
t=1618878 1
t=1634166 1
t=1647803 1
t=1653385 2
t=1668418 1
t=1683789 1
t=1698417 1
t=1699072 2
t=1711762 1
t=1715463 2
